<?xml version="1.0" encoding="UTF-8"?>
<testsuite xmlns:xsi="http://www.w3.org/2001/XMLSchema-instance" xsi:noNamespaceSchemaLocation="https://maven.apache.org/surefire/maven-surefire-plugin/xsd/surefire-test-report-3.0.xsd" version="3.0" name="edu.eci.cvds.tdd.LibraryTest" time="0.074" tests="13" errors="0" skipped="0" failures="0">
  <properties>
[...]
</properties>
  <testcase name="testLoanABookUserNotFound" classname="edu.eci.cvds.tdd.LibraryTest" time="0.009">
    <system-out><![CDATA[no hay usuraio
]]></system-out>
  </testcase>
  <testcase name="testLoanABookSuccess" classname="edu.eci.cvds.tdd.LibraryTest" time="0.017"/>
  <testcase name="shouldNotAddBookWhenProvidedBookIsNull" classname="edu.eci.cvds.tdd.LibraryTest" time="0.003"/>
  <testcase name="testLoanABookUserHasActiveLoan" classname="edu.eci.cvds.tdd.LibraryTest" time="0.002">
    <system-out><![CDATA[no hay usuraio
no hay usuraio
]]></system-out>
  </testcase>
  <testcase name="shouldReturnALoanAndItsReturnDateIsTheCurrentDate" classname="edu.eci.cvds.tdd.LibraryTest" time="0.004"/>
  <testcase name="shouldNotModifyBooksWhenNullBookIsAdded" classname="edu.eci.cvds.tdd.LibraryTest" time="0.002"/>
  <testcase name="shouldIncreaseBy1TheAmuntOfTheReturnedLibrary" classname="edu.eci.cvds.tdd.LibraryTest" time="0.002"/>
  <testcase name="testLoanABookBookNotFound" classname="edu.eci.cvds.tdd.LibraryTest" time="0.001"/>
  <testcase name="shouldReturnNullWhenLoanIsNull" classname="edu.eci.cvds.tdd.LibraryTest" time="0.001"/>
  <testcase name="shouldReturnNullWhenLoanDoesNotExist" classname="edu.eci.cvds.tdd.LibraryTest" time="0.001"/>
  <testcase name="shouldReturnALoanAndItsStatusIsReturned" classname="edu.eci.cvds.tdd.LibraryTest" time="0.002"/>
  <testcase name="testLoanABookBookNotAvailable" classname="edu.eci.cvds.tdd.LibraryTest" time="0.001"/>
  <testcase name="shouldAddNewBookSuccessfullyWhenValidBookIsProvided" classname="edu.eci.cvds.tdd.LibraryTest" time="0.001"/>
</testsuite>